<?xml version="1.0" encoding="UTF-8"?>
<testng-results ignored="10" total="23" passed="13" failed="0" skipped="0">
  <reporter-output>
  </reporter-output>
  <suite started-at="2021-02-16T09:16:22 CST" name="TestSuite" finished-at="2021-02-16T09:19:52 CST" duration-ms="209385">
    <groups>
    </groups>
    <test started-at="2021-02-16T09:16:22 CST" name="Regression Chrome" finished-at="2021-02-16T09:19:52 CST" duration-ms="209385">
      <class name="com.jostens.qa.testcases.CProductDetailPageTest">
        <test-method is-config="true" signature="beforeClass()[pri:0, instance:com.jostens.qa.testcases.CProductDetailPageTest@505fc5a4]" started-at="2021-02-16T09:16:59 CST" name="beforeClass" finished-at="2021-02-16T09:16:59 CST" duration-ms="34" status="PASS">
          <reporter-output>
          </reporter-output>
        </test-method> <!-- beforeClass -->
        <test-method signature="productSearchTest(java.lang.String, java.lang.String, java.lang.String, java.lang.String, java.lang.String, java.lang.String, java.lang.String, java.lang.String, java.lang.String, java.lang.String, java.lang.String, java.lang.String)[pri:0, instance:com.jostens.qa.testcases.CProductDetailPageTest@505fc5a4]" started-at="2021-02-16T09:16:59 CST" name="productSearchTest" data-provider="inputs" finished-at="2021-02-16T09:17:38 CST" duration-ms="38467" status="PASS">
          <params>
            <param index="0">
              <value>
                <![CDATA[New Era Men's Heritage Blend 3/4-Sleeve Baseball Raglan Tee]]>
              </value>
            </param>
            <param index="1">
              <value>
                <![CDATA[New Era Men's Heritage Blend 3/4-Sleeve Baseball Raglan Tee - Jostens School Store]]>
              </value>
            </param>
            <param index="2">
              <value>
                <![CDATA[Black/White]]>
              </value>
            </param>
            <param index="3">
              <value>
                <![CDATA[XL]]>
              </value>
            </param>
            <param index="4">
              <value>
                <![CDATA[1]]>
              </value>
            </param>
            <param index="5">
              <value>
                <![CDATA[Right Chest]]>
              </value>
            </param>
            <param index="6">
              <value>
                <![CDATA[31]]>
              </value>
            </param>
            <param index="7">
              <value>
                <![CDATA[35]]>
              </value>
            </param>
            <param index="8">
              <value>
                <![CDATA[11]]>
              </value>
            </param>
            <param index="9">
              <value>
                <![CDATA[7.7]]>
              </value>
            </param>
            <param index="10">
              <value>
                <![CDATA[Success - 2020/12/23 13:32:56]]>
              </value>
            </param>
            <param index="11">
              <value>
                <![CDATA[1]]>
              </value>
            </param>
          </params>
          <reporter-output>
          </reporter-output>
        </test-method> <!-- productSearchTest -->
        <test-method is-config="true" signature="afterMethod(org.testng.ITestResult)[pri:0, instance:com.jostens.qa.testcases.CProductDetailPageTest@505fc5a4]" started-at="2021-02-16T09:17:38 CST" name="afterMethod" finished-at="2021-02-16T09:17:38 CST" duration-ms="117" status="PASS">
          <params>
            <param index="0">
              <value>
                <![CDATA[[TestResult name=productSearchTest status=SUCCESS method=CProductDetailPageTest.productSearchTest(java.lang.String, java.lang.String, java.lang.String, java.lang.String, java.lang.String, java.lang.String, java.lang.String, java.lang.String, java.lang.String, java.lang.String, java.lang.String, java.lang.String)[pri:0, instance:com.jostens.qa.testcases.CProductDetailPageTest@505fc5a4] output={null}]]]>
              </value>
            </param>
          </params>
          <reporter-output>
          </reporter-output>
        </test-method> <!-- afterMethod -->
        <test-method signature="productSearchTest(java.lang.String, java.lang.String, java.lang.String, java.lang.String, java.lang.String, java.lang.String, java.lang.String, java.lang.String, java.lang.String, java.lang.String, java.lang.String, java.lang.String)[pri:0, instance:com.jostens.qa.testcases.CProductDetailPageTest@505fc5a4]" started-at="2021-02-16T09:17:38 CST" name="productSearchTest" data-provider="inputs" finished-at="2021-02-16T09:18:11 CST" duration-ms="33128" status="PASS">
          <params>
            <param index="0">
              <value>
                <![CDATA[New Era Women's Tri-Blend Fleece Pullover Hoodie]]>
              </value>
            </param>
            <param index="1">
              <value>
                <![CDATA[New Era Women's Tri-Blend Fleece Pullover Hoodie - Jostens School Store]]>
              </value>
            </param>
            <param index="2">
              <value>
                <![CDATA[Grey]]>
              </value>
            </param>
            <param index="3">
              <value>
                <![CDATA[M]]>
              </value>
            </param>
            <param index="4">
              <value>
                <![CDATA[2]]>
              </value>
            </param>
            <param index="5">
              <value>
                <![CDATA[Center Chest]]>
              </value>
            </param>
            <param index="6">
              <value>
                <![CDATA[40]]>
              </value>
            </param>
            <param index="7">
              <value>
                <![CDATA[40]]>
              </value>
            </param>
            <param index="8">
              <value>
                <![CDATA[25]]>
              </value>
            </param>
            <param index="9">
              <value>
                <![CDATA[17.5]]>
              </value>
            </param>
            <param index="10">
              <value>
                <![CDATA[Success - 2020/12/23 13:33:18]]>
              </value>
            </param>
            <param index="11">
              <value>
                <![CDATA[2]]>
              </value>
            </param>
          </params>
          <reporter-output>
          </reporter-output>
        </test-method> <!-- productSearchTest -->
        <test-method is-config="true" signature="afterMethod(org.testng.ITestResult)[pri:0, instance:com.jostens.qa.testcases.CProductDetailPageTest@505fc5a4]" started-at="2021-02-16T09:18:11 CST" name="afterMethod" finished-at="2021-02-16T09:18:11 CST" duration-ms="113" status="PASS">
          <params>
            <param index="0">
              <value>
                <![CDATA[[TestResult name=productSearchTest status=SUCCESS method=CProductDetailPageTest.productSearchTest(java.lang.String, java.lang.String, java.lang.String, java.lang.String, java.lang.String, java.lang.String, java.lang.String, java.lang.String, java.lang.String, java.lang.String, java.lang.String, java.lang.String)[pri:0, instance:com.jostens.qa.testcases.CProductDetailPageTest@505fc5a4] output={null}]]]>
              </value>
            </param>
          </params>
          <reporter-output>
          </reporter-output>
        </test-method> <!-- afterMethod -->
        <test-method signature="productSearchTest(java.lang.String, java.lang.String, java.lang.String, java.lang.String, java.lang.String, java.lang.String, java.lang.String, java.lang.String, java.lang.String, java.lang.String, java.lang.String, java.lang.String)[pri:0, instance:com.jostens.qa.testcases.CProductDetailPageTest@505fc5a4]" started-at="2021-02-16T09:18:11 CST" name="productSearchTest" data-provider="inputs" finished-at="2021-02-16T09:18:44 CST" duration-ms="33095" status="PASS">
          <params>
            <param index="0">
              <value>
                <![CDATA[3 Ply Sublimated Mask]]>
              </value>
            </param>
            <param index="1">
              <value>
                <![CDATA[3 Ply Sublimated Mask - Jostens School Store]]>
              </value>
            </param>
            <param index="2">
              <value>
                <![CDATA[White]]>
              </value>
            </param>
            <param index="3">
              <value>
                <![CDATA[L/XL]]>
              </value>
            </param>
            <param index="4">
              <value>
                <![CDATA[6]]>
              </value>
            </param>
            <param index="5">
              <value>
                <![CDATA[Mask Center]]>
              </value>
            </param>
            <param index="6">
              <value>
                <![CDATA[35]]>
              </value>
            </param>
            <param index="7">
              <value>
                <![CDATA[37]]>
              </value>
            </param>
            <param index="8">
              <value>
                <![CDATA[30]]>
              </value>
            </param>
            <param index="9">
              <value>
                <![CDATA[21]]>
              </value>
            </param>
            <param index="10">
              <value>
                <![CDATA[Success - 2020/12/23 13:33:43]]>
              </value>
            </param>
            <param index="11">
              <value>
                <![CDATA[3]]>
              </value>
            </param>
          </params>
          <reporter-output>
          </reporter-output>
        </test-method> <!-- productSearchTest -->
        <test-method is-config="true" signature="afterMethod(org.testng.ITestResult)[pri:0, instance:com.jostens.qa.testcases.CProductDetailPageTest@505fc5a4]" started-at="2021-02-16T09:18:44 CST" name="afterMethod" finished-at="2021-02-16T09:18:44 CST" duration-ms="107" status="PASS">
          <params>
            <param index="0">
              <value>
                <![CDATA[[TestResult name=productSearchTest status=SUCCESS method=CProductDetailPageTest.productSearchTest(java.lang.String, java.lang.String, java.lang.String, java.lang.String, java.lang.String, java.lang.String, java.lang.String, java.lang.String, java.lang.String, java.lang.String, java.lang.String, java.lang.String)[pri:0, instance:com.jostens.qa.testcases.CProductDetailPageTest@505fc5a4] output={null}]]]>
              </value>
            </param>
          </params>
          <reporter-output>
          </reporter-output>
        </test-method> <!-- afterMethod -->
      </class> <!-- com.jostens.qa.testcases.CProductDetailPageTest -->
      <class name="com.jostens.qa.testcases.BSearchSchoolPageTest">
        <test-method is-config="true" signature="beforeClass()[pri:0, instance:com.jostens.qa.testcases.BSearchSchoolPageTest@3d6f0054]" started-at="2021-02-16T09:16:46 CST" name="beforeClass" finished-at="2021-02-16T09:16:46 CST" duration-ms="144" status="PASS">
          <reporter-output>
          </reporter-output>
        </test-method> <!-- beforeClass -->
        <test-method signature="searchSchoolTest(java.lang.String, java.lang.String, java.lang.String, java.lang.String)[pri:0, instance:com.jostens.qa.testcases.BSearchSchoolPageTest@3d6f0054]" started-at="2021-02-16T09:16:46 CST" name="searchSchoolTest" data-provider="inputs" finished-at="2021-02-16T09:16:52 CST" duration-ms="5737" status="PASS">
          <params>
            <param index="0">
              <value>
                <![CDATA[Chaska Middle School East]]>
              </value>
            </param>
            <param index="1">
              <value>
                <![CDATA[Chaska Middle School East Chaska, MN Products - Graduation Products from Jostens]]>
              </value>
            </param>
            <param index="2">
              <value>
                <![CDATA[Success - 2021/02/16 08:32:32]]>
              </value>
            </param>
            <param index="3">
              <value>
                <![CDATA[1]]>
              </value>
            </param>
          </params>
          <reporter-output>
          </reporter-output>
        </test-method> <!-- searchSchoolTest -->
        <test-method is-config="true" signature="afterMethod(org.testng.ITestResult)[pri:0, instance:com.jostens.qa.testcases.BSearchSchoolPageTest@3d6f0054]" started-at="2021-02-16T09:16:52 CST" name="afterMethod" finished-at="2021-02-16T09:16:52 CST" duration-ms="169" status="PASS">
          <params>
            <param index="0">
              <value>
                <![CDATA[[TestResult name=searchSchoolTest status=SUCCESS method=BSearchSchoolPageTest.searchSchoolTest(java.lang.String, java.lang.String, java.lang.String, java.lang.String)[pri:0, instance:com.jostens.qa.testcases.BSearchSchoolPageTest@3d6f0054] output={null}]]]>
              </value>
            </param>
          </params>
          <reporter-output>
          </reporter-output>
        </test-method> <!-- afterMethod -->
        <test-method signature="searchSchoolTest(java.lang.String, java.lang.String, java.lang.String, java.lang.String)[pri:0, instance:com.jostens.qa.testcases.BSearchSchoolPageTest@3d6f0054]" started-at="2021-02-16T09:16:52 CST" name="searchSchoolTest" data-provider="inputs" finished-at="2021-02-16T09:16:59 CST" duration-ms="7231" status="PASS">
          <params>
            <param index="0">
              <value>
                <![CDATA[Chaska High School]]>
              </value>
            </param>
            <param index="1">
              <value>
                <![CDATA[Chaska High School Chaska, MN Products - Graduation Products from Jostens]]>
              </value>
            </param>
            <param index="2">
              <value>
                <![CDATA[Success - 2021/02/16 08:32:35]]>
              </value>
            </param>
            <param index="3">
              <value>
                <![CDATA[2]]>
              </value>
            </param>
          </params>
          <reporter-output>
          </reporter-output>
        </test-method> <!-- searchSchoolTest -->
        <test-method is-config="true" signature="afterMethod(org.testng.ITestResult)[pri:0, instance:com.jostens.qa.testcases.BSearchSchoolPageTest@3d6f0054]" started-at="2021-02-16T09:16:59 CST" name="afterMethod" finished-at="2021-02-16T09:16:59 CST" duration-ms="152" status="PASS">
          <params>
            <param index="0">
              <value>
                <![CDATA[[TestResult name=searchSchoolTest status=SUCCESS method=BSearchSchoolPageTest.searchSchoolTest(java.lang.String, java.lang.String, java.lang.String, java.lang.String)[pri:0, instance:com.jostens.qa.testcases.BSearchSchoolPageTest@3d6f0054] output={null}]]]>
              </value>
            </param>
          </params>
          <reporter-output>
          </reporter-output>
        </test-method> <!-- afterMethod -->
      </class> <!-- com.jostens.qa.testcases.BSearchSchoolPageTest -->
      <class name="com.jostens.qa.testcases.ECheckoutPageTest">
        <test-method is-config="true" signature="beforeClass()[pri:0, instance:com.jostens.qa.testcases.ECheckoutPageTest@4efc180e]" started-at="2021-02-16T09:18:50 CST" name="beforeClass" finished-at="2021-02-16T09:18:50 CST" duration-ms="35" status="PASS">
          <reporter-output>
          </reporter-output>
        </test-method> <!-- beforeClass -->
        <test-method signature="proceedWithCheckoutTest(java.lang.String, java.lang.String, java.lang.String, java.lang.String, java.lang.String, java.lang.String, java.lang.String, java.lang.String, java.lang.String, java.lang.String, java.lang.String, java.lang.String, java.lang.String, java.lang.String, java.lang.String, java.lang.String, java.lang.String, java.lang.String)[pri:0, instance:com.jostens.qa.testcases.ECheckoutPageTest@4efc180e]" started-at="2021-02-16T09:18:50 CST" name="proceedWithCheckoutTest" data-provider="inputs" finished-at="2021-02-16T09:19:16 CST" duration-ms="25110" status="PASS">
          <params>
            <param index="0">
              <value>
                <![CDATA[New Era Men's Heritage Blend 3/4-Sleeve Baseball Raglan Tee]]>
              </value>
            </param>
            <param index="1">
              <value>
                <![CDATA[1]]>
              </value>
            </param>
            <param index="2">
              <value>
                <![CDATA[$24.95]]>
              </value>
            </param>
            <param index="3">
              <value>
                <![CDATA[Information - Jostens School Store - Checkout]]>
              </value>
            </param>
            <param index="4">
              <value>
                <![CDATA[Steve.VerMulm@gmail.com]]>
              </value>
            </param>
            <param index="5">
              <value>
                <![CDATA[No]]>
              </value>
            </param>
            <param index="6">
              <value>
                <![CDATA[Steven]]>
              </value>
            </param>
            <param index="7">
              <value>
                <![CDATA[VerMulm]]>
              </value>
            </param>
            <param index="8">
              <value>
                <![CDATA[409 5th Ave. South]]>
              </value>
            </param>
            <param index="9">
              <value>
                <![CDATA[Hopkins]]>
              </value>
            </param>
            <param index="10">
              <value>
                <![CDATA[United States]]>
              </value>
            </param>
            <param index="11">
              <value>
                <![CDATA[Minnesota]]>
              </value>
            </param>
            <param index="12">
              <value>
                <![CDATA[55343]]>
              </value>
            </param>
            <param index="13">
              <value>
                <![CDATA[7123635520]]>
              </value>
            </param>
            <param index="14">
              <value>
                <![CDATA[No]]>
              </value>
            </param>
            <param index="15">
              <value>
                <![CDATA[Success - 2021/02/16 08:34:19]]>
              </value>
            </param>
            <param index="16">
              <value is-null="true"/>
            </param>
            <param index="17">
              <value>
                <![CDATA[1]]>
              </value>
            </param>
          </params>
          <reporter-output>
          </reporter-output>
        </test-method> <!-- proceedWithCheckoutTest -->
        <test-method is-config="true" signature="afterMethod(org.testng.ITestResult)[pri:0, instance:com.jostens.qa.testcases.ECheckoutPageTest@4efc180e]" started-at="2021-02-16T09:19:16 CST" name="afterMethod" finished-at="2021-02-16T09:19:16 CST" duration-ms="80" status="PASS">
          <params>
            <param index="0">
              <value>
                <![CDATA[[TestResult name=proceedWithCheckoutTest status=SUCCESS method=ECheckoutPageTest.proceedWithCheckoutTest(java.lang.String, java.lang.String, java.lang.String, java.lang.String, java.lang.String, java.lang.String, java.lang.String, java.lang.String, java.lang.String, java.lang.String, java.lang.String, java.lang.String, java.lang.String, java.lang.String, java.lang.String, java.lang.String, java.lang.String, java.lang.String)[pri:0, instance:com.jostens.qa.testcases.ECheckoutPageTest@4efc180e] output={null}]]]>
              </value>
            </param>
          </params>
          <reporter-output>
          </reporter-output>
        </test-method> <!-- afterMethod -->
        <test-method signature="proceedWithCheckoutTest(java.lang.String, java.lang.String, java.lang.String, java.lang.String, java.lang.String, java.lang.String, java.lang.String, java.lang.String, java.lang.String, java.lang.String, java.lang.String, java.lang.String, java.lang.String, java.lang.String, java.lang.String, java.lang.String, java.lang.String, java.lang.String)[pri:0, instance:com.jostens.qa.testcases.ECheckoutPageTest@4efc180e]" started-at="2021-02-16T09:19:16 CST" name="proceedWithCheckoutTest" data-provider="inputs" finished-at="2021-02-16T09:19:32 CST" duration-ms="16290" status="PASS">
          <params>
            <param index="0">
              <value>
                <![CDATA[New Era Women's Tri-Blend Fleece Pullover Hoodie]]>
              </value>
            </param>
            <param index="1">
              <value>
                <![CDATA[1]]>
              </value>
            </param>
            <param index="2">
              <value>
                <![CDATA[$35.95]]>
              </value>
            </param>
            <param index="3">
              <value>
                <![CDATA[Information - Jostens School Store - Checkout]]>
              </value>
            </param>
            <param index="4">
              <value>
                <![CDATA[Steve.VerMulm@gmail.com]]>
              </value>
            </param>
            <param index="5">
              <value>
                <![CDATA[No]]>
              </value>
            </param>
            <param index="6">
              <value>
                <![CDATA[Ashlyn]]>
              </value>
            </param>
            <param index="7">
              <value>
                <![CDATA[Ambrose]]>
              </value>
            </param>
            <param index="8">
              <value>
                <![CDATA[409 Beachcomber Drive]]>
              </value>
            </param>
            <param index="9">
              <value>
                <![CDATA[Lake Park]]>
              </value>
            </param>
            <param index="10">
              <value>
                <![CDATA[United States]]>
              </value>
            </param>
            <param index="11">
              <value>
                <![CDATA[Iowa]]>
              </value>
            </param>
            <param index="12">
              <value>
                <![CDATA[51347]]>
              </value>
            </param>
            <param index="13">
              <value>
                <![CDATA[7123632575]]>
              </value>
            </param>
            <param index="14">
              <value>
                <![CDATA[No]]>
              </value>
            </param>
            <param index="15">
              <value>
                <![CDATA[Success - 2021/02/16 08:34:26]]>
              </value>
            </param>
            <param index="16">
              <value is-null="true"/>
            </param>
            <param index="17">
              <value>
                <![CDATA[2]]>
              </value>
            </param>
          </params>
          <reporter-output>
          </reporter-output>
        </test-method> <!-- proceedWithCheckoutTest -->
        <test-method is-config="true" signature="afterMethod(org.testng.ITestResult)[pri:0, instance:com.jostens.qa.testcases.ECheckoutPageTest@4efc180e]" started-at="2021-02-16T09:19:32 CST" name="afterMethod" finished-at="2021-02-16T09:19:32 CST" duration-ms="97" status="PASS">
          <params>
            <param index="0">
              <value>
                <![CDATA[[TestResult name=proceedWithCheckoutTest status=SUCCESS method=ECheckoutPageTest.proceedWithCheckoutTest(java.lang.String, java.lang.String, java.lang.String, java.lang.String, java.lang.String, java.lang.String, java.lang.String, java.lang.String, java.lang.String, java.lang.String, java.lang.String, java.lang.String, java.lang.String, java.lang.String, java.lang.String, java.lang.String, java.lang.String, java.lang.String)[pri:0, instance:com.jostens.qa.testcases.ECheckoutPageTest@4efc180e] output={null}]]]>
              </value>
            </param>
          </params>
          <reporter-output>
          </reporter-output>
        </test-method> <!-- afterMethod -->
        <test-method signature="proceedWithCheckoutTest(java.lang.String, java.lang.String, java.lang.String, java.lang.String, java.lang.String, java.lang.String, java.lang.String, java.lang.String, java.lang.String, java.lang.String, java.lang.String, java.lang.String, java.lang.String, java.lang.String, java.lang.String, java.lang.String, java.lang.String, java.lang.String)[pri:0, instance:com.jostens.qa.testcases.ECheckoutPageTest@4efc180e]" started-at="2021-02-16T09:19:32 CST" name="proceedWithCheckoutTest" data-provider="inputs" finished-at="2021-02-16T09:19:51 CST" duration-ms="19347" status="PASS">
          <params>
            <param index="0">
              <value>
                <![CDATA[3 Ply Sublimated Mask]]>
              </value>
            </param>
            <param index="1">
              <value>
                <![CDATA[1]]>
              </value>
            </param>
            <param index="2">
              <value>
                <![CDATA[$18.95]]>
              </value>
            </param>
            <param index="3">
              <value>
                <![CDATA[Information - Jostens School Store - Checkout]]>
              </value>
            </param>
            <param index="4">
              <value>
                <![CDATA[Steve.VerMulm@gmail.com]]>
              </value>
            </param>
            <param index="5">
              <value>
                <![CDATA[No]]>
              </value>
            </param>
            <param index="6">
              <value>
                <![CDATA[Cynthia]]>
              </value>
            </param>
            <param index="7">
              <value>
                <![CDATA[Ambrosia]]>
              </value>
            </param>
            <param index="8">
              <value>
                <![CDATA[62310 Lake View Road]]>
              </value>
            </param>
            <param index="9">
              <value>
                <![CDATA[Madison Lake]]>
              </value>
            </param>
            <param index="10">
              <value>
                <![CDATA[United States]]>
              </value>
            </param>
            <param index="11">
              <value>
                <![CDATA[Minnesota]]>
              </value>
            </param>
            <param index="12">
              <value>
                <![CDATA[56063]]>
              </value>
            </param>
            <param index="13">
              <value>
                <![CDATA[7123635519]]>
              </value>
            </param>
            <param index="14">
              <value>
                <![CDATA[No]]>
              </value>
            </param>
            <param index="15">
              <value>
                <![CDATA[Success - 2021/02/16 08:34:34]]>
              </value>
            </param>
            <param index="16">
              <value is-null="true"/>
            </param>
            <param index="17">
              <value>
                <![CDATA[3]]>
              </value>
            </param>
          </params>
          <reporter-output>
          </reporter-output>
        </test-method> <!-- proceedWithCheckoutTest -->
        <test-method is-config="true" signature="afterMethod(org.testng.ITestResult)[pri:0, instance:com.jostens.qa.testcases.ECheckoutPageTest@4efc180e]" started-at="2021-02-16T09:19:51 CST" name="afterMethod" finished-at="2021-02-16T09:19:51 CST" duration-ms="79" status="PASS">
          <params>
            <param index="0">
              <value>
                <![CDATA[[TestResult name=proceedWithCheckoutTest status=SUCCESS method=ECheckoutPageTest.proceedWithCheckoutTest(java.lang.String, java.lang.String, java.lang.String, java.lang.String, java.lang.String, java.lang.String, java.lang.String, java.lang.String, java.lang.String, java.lang.String, java.lang.String, java.lang.String, java.lang.String, java.lang.String, java.lang.String, java.lang.String, java.lang.String, java.lang.String)[pri:0, instance:com.jostens.qa.testcases.ECheckoutPageTest@4efc180e] output={null}]]]>
              </value>
            </param>
          </params>
          <reporter-output>
          </reporter-output>
        </test-method> <!-- afterMethod -->
      </class> <!-- com.jostens.qa.testcases.ECheckoutPageTest -->
      <class name="com.jostens.qa.testcases.DShoppingCartPageTest">
        <test-method is-config="true" signature="beforeClass()[pri:0, instance:com.jostens.qa.testcases.DShoppingCartPageTest@5fbdfdcf]" started-at="2021-02-16T09:18:44 CST" name="beforeClass" finished-at="2021-02-16T09:18:44 CST" duration-ms="41" status="PASS">
          <reporter-output>
          </reporter-output>
        </test-method> <!-- beforeClass -->
        <test-method signature="addProductToCartTest(java.lang.String, java.lang.String, java.lang.String, java.lang.String, java.lang.String, java.lang.String, java.lang.String, java.lang.String)[pri:0, instance:com.jostens.qa.testcases.DShoppingCartPageTest@5fbdfdcf]" started-at="2021-02-16T09:18:44 CST" name="addProductToCartTest" data-provider="inputs" finished-at="2021-02-16T09:18:48 CST" duration-ms="3650" status="PASS">
          <params>
            <param index="0">
              <value>
                <![CDATA[New Era Men's Heritage Blend 3/4-Sleeve Baseball Raglan Tee]]>
              </value>
            </param>
            <param index="1">
              <value>
                <![CDATA[Your Shopping Cart - Jostens School Store]]>
              </value>
            </param>
            <param index="2">
              <value>
                <![CDATA[$24.95]]>
              </value>
            </param>
            <param index="3">
              <value>
                <![CDATA[1]]>
              </value>
            </param>
            <param index="4">
              <value>
                <![CDATA[$24.95]]>
              </value>
            </param>
            <param index="5">
              <value>
                <![CDATA[$79.85]]>
              </value>
            </param>
            <param index="6">
              <value>
                <![CDATA[Success - 2021/02/16 08:34:07]]>
              </value>
            </param>
            <param index="7">
              <value>
                <![CDATA[1]]>
              </value>
            </param>
          </params>
          <reporter-output>
          </reporter-output>
        </test-method> <!-- addProductToCartTest -->
        <test-method is-config="true" signature="afterMethod(org.testng.ITestResult)[pri:0, instance:com.jostens.qa.testcases.DShoppingCartPageTest@5fbdfdcf]" started-at="2021-02-16T09:18:48 CST" name="afterMethod" finished-at="2021-02-16T09:18:48 CST" duration-ms="103" status="PASS">
          <params>
            <param index="0">
              <value>
                <![CDATA[[TestResult name=addProductToCartTest status=SUCCESS method=DShoppingCartPageTest.addProductToCartTest(java.lang.String, java.lang.String, java.lang.String, java.lang.String, java.lang.String, java.lang.String, java.lang.String, java.lang.String)[pri:0, instance:com.jostens.qa.testcases.DShoppingCartPageTest@5fbdfdcf] output={null}]]]>
              </value>
            </param>
          </params>
          <reporter-output>
          </reporter-output>
        </test-method> <!-- afterMethod -->
        <test-method signature="addProductToCartTest(java.lang.String, java.lang.String, java.lang.String, java.lang.String, java.lang.String, java.lang.String, java.lang.String, java.lang.String)[pri:0, instance:com.jostens.qa.testcases.DShoppingCartPageTest@5fbdfdcf]" started-at="2021-02-16T09:18:48 CST" name="addProductToCartTest" data-provider="inputs" finished-at="2021-02-16T09:18:49 CST" duration-ms="1118" status="PASS">
          <params>
            <param index="0">
              <value>
                <![CDATA[New Era Women's Tri-Blend Fleece Pullover Hoodie]]>
              </value>
            </param>
            <param index="1">
              <value>
                <![CDATA[Your Shopping Cart - Jostens School Store]]>
              </value>
            </param>
            <param index="2">
              <value>
                <![CDATA[$35.95]]>
              </value>
            </param>
            <param index="3">
              <value>
                <![CDATA[1]]>
              </value>
            </param>
            <param index="4">
              <value>
                <![CDATA[$35.95]]>
              </value>
            </param>
            <param index="5">
              <value>
                <![CDATA[$79.85]]>
              </value>
            </param>
            <param index="6">
              <value>
                <![CDATA[Success - 2021/02/16 08:34:08]]>
              </value>
            </param>
            <param index="7">
              <value>
                <![CDATA[2]]>
              </value>
            </param>
          </params>
          <reporter-output>
          </reporter-output>
        </test-method> <!-- addProductToCartTest -->
        <test-method is-config="true" signature="afterMethod(org.testng.ITestResult)[pri:0, instance:com.jostens.qa.testcases.DShoppingCartPageTest@5fbdfdcf]" started-at="2021-02-16T09:18:49 CST" name="afterMethod" finished-at="2021-02-16T09:18:49 CST" duration-ms="81" status="PASS">
          <params>
            <param index="0">
              <value>
                <![CDATA[[TestResult name=addProductToCartTest status=SUCCESS method=DShoppingCartPageTest.addProductToCartTest(java.lang.String, java.lang.String, java.lang.String, java.lang.String, java.lang.String, java.lang.String, java.lang.String, java.lang.String)[pri:0, instance:com.jostens.qa.testcases.DShoppingCartPageTest@5fbdfdcf] output={null}]]]>
              </value>
            </param>
          </params>
          <reporter-output>
          </reporter-output>
        </test-method> <!-- afterMethod -->
        <test-method signature="addProductToCartTest(java.lang.String, java.lang.String, java.lang.String, java.lang.String, java.lang.String, java.lang.String, java.lang.String, java.lang.String)[pri:0, instance:com.jostens.qa.testcases.DShoppingCartPageTest@5fbdfdcf]" started-at="2021-02-16T09:18:49 CST" name="addProductToCartTest" data-provider="inputs" finished-at="2021-02-16T09:18:50 CST" duration-ms="960" status="PASS">
          <params>
            <param index="0">
              <value>
                <![CDATA[3 Ply Sublimated Mask]]>
              </value>
            </param>
            <param index="1">
              <value>
                <![CDATA[Your Shopping Cart - Jostens School Store]]>
              </value>
            </param>
            <param index="2">
              <value>
                <![CDATA[$18.95]]>
              </value>
            </param>
            <param index="3">
              <value>
                <![CDATA[1]]>
              </value>
            </param>
            <param index="4">
              <value>
                <![CDATA[$18.95]]>
              </value>
            </param>
            <param index="5">
              <value>
                <![CDATA[$79.85]]>
              </value>
            </param>
            <param index="6">
              <value>
                <![CDATA[Success - 2021/02/16 08:34:08]]>
              </value>
            </param>
            <param index="7">
              <value>
                <![CDATA[3]]>
              </value>
            </param>
          </params>
          <reporter-output>
          </reporter-output>
        </test-method> <!-- addProductToCartTest -->
        <test-method is-config="true" signature="afterMethod(org.testng.ITestResult)[pri:0, instance:com.jostens.qa.testcases.DShoppingCartPageTest@5fbdfdcf]" started-at="2021-02-16T09:18:50 CST" name="afterMethod" finished-at="2021-02-16T09:18:50 CST" duration-ms="88" status="PASS">
          <params>
            <param index="0">
              <value>
                <![CDATA[[TestResult name=addProductToCartTest status=SUCCESS method=DShoppingCartPageTest.addProductToCartTest(java.lang.String, java.lang.String, java.lang.String, java.lang.String, java.lang.String, java.lang.String, java.lang.String, java.lang.String)[pri:0, instance:com.jostens.qa.testcases.DShoppingCartPageTest@5fbdfdcf] output={null}]]]>
              </value>
            </param>
          </params>
          <reporter-output>
          </reporter-output>
        </test-method> <!-- afterMethod -->
      </class> <!-- com.jostens.qa.testcases.DShoppingCartPageTest -->
      <class name="com.jostens.qa.testcases.ALoginPageTest">
        <test-method is-config="true" signature="beforeSuite()[pri:0, instance:com.jostens.qa.testcases.ALoginPageTest@16a0ee18]" started-at="2021-02-16T09:16:22 CST" name="beforeSuite" finished-at="2021-02-16T09:16:31 CST" duration-ms="8461" status="PASS">
          <reporter-output>
          </reporter-output>
        </test-method> <!-- beforeSuite -->
        <test-method is-config="true" signature="beforeClass()[pri:0, instance:com.jostens.qa.testcases.ALoginPageTest@16a0ee18]" started-at="2021-02-16T09:16:31 CST" name="beforeClass" finished-at="2021-02-16T09:16:31 CST" duration-ms="179" status="PASS">
          <reporter-output>
          </reporter-output>
        </test-method> <!-- beforeClass -->
        <test-method signature="loginTest()[pri:1, instance:com.jostens.qa.testcases.ALoginPageTest@16a0ee18]" started-at="2021-02-16T09:16:31 CST" name="loginTest" finished-at="2021-02-16T09:16:44 CST" duration-ms="13494" status="PASS">
          <reporter-output>
          </reporter-output>
        </test-method> <!-- loginTest -->
        <test-method is-config="true" signature="afterMethod(org.testng.ITestResult)[pri:0, instance:com.jostens.qa.testcases.ALoginPageTest@16a0ee18]" started-at="2021-02-16T09:16:44 CST" name="afterMethod" finished-at="2021-02-16T09:16:46 CST" duration-ms="1211" status="PASS">
          <params>
            <param index="0">
              <value>
                <![CDATA[[TestResult name=loginTest status=SUCCESS method=ALoginPageTest.loginTest()[pri:1, instance:com.jostens.qa.testcases.ALoginPageTest@16a0ee18] output={null}]]]>
              </value>
            </param>
          </params>
          <reporter-output>
          </reporter-output>
        </test-method> <!-- afterMethod -->
        <test-method is-config="true" signature="afterSuite()[pri:0, instance:com.jostens.qa.testcases.ALoginPageTest@16a0ee18]" started-at="2021-02-16T09:19:52 CST" name="afterSuite" finished-at="2021-02-16T09:19:52 CST" duration-ms="90" status="PASS">
          <reporter-output>
          </reporter-output>
        </test-method> <!-- afterSuite -->
      </class> <!-- com.jostens.qa.testcases.ALoginPageTest -->
      <class name="com.jostens.qa.testcases.FPaymentPageTest">
        <test-method is-config="true" signature="beforeClass()[pri:0, instance:com.jostens.qa.testcases.FPaymentPageTest@bd4dc25]" started-at="2021-02-16T09:19:51 CST" name="beforeClass" finished-at="2021-02-16T09:19:52 CST" duration-ms="36" status="PASS">
          <reporter-output>
          </reporter-output>
        </test-method> <!-- beforeClass -->
        <test-method signature="paymentPageTest(java.lang.String, java.lang.String, java.lang.String, java.lang.String, java.lang.String, java.lang.String, java.lang.String, java.lang.String)[pri:0, instance:com.jostens.qa.testcases.FPaymentPageTest@bd4dc25]" started-at="2021-02-16T09:19:52 CST" name="paymentPageTest" data-provider="inputs" finished-at="2021-02-16T09:19:52 CST" duration-ms="1" status="PASS">
          <params>
            <param index="0">
              <value>
                <![CDATA[5555555555554444]]>
              </value>
            </param>
            <param index="1">
              <value>
                <![CDATA[Cynthia Ambrosia]]>
              </value>
            </param>
            <param index="2">
              <value>
                <![CDATA[0924]]>
              </value>
            </param>
            <param index="3">
              <value>
                <![CDATA[096]]>
              </value>
            </param>
            <param index="4">
              <value>
                <![CDATA[Invalid CC Number]]>
              </value>
            </param>
            <param index="5">
              <value>
                <![CDATA[Success - 2021/02/15 21:57:59]]>
              </value>
            </param>
            <param index="6">
              <value is-null="true"/>
            </param>
            <param index="7">
              <value>
                <![CDATA[1]]>
              </value>
            </param>
          </params>
          <reporter-output>
          </reporter-output>
        </test-method> <!-- paymentPageTest -->
        <test-method is-config="true" signature="afterMethod(org.testng.ITestResult)[pri:0, instance:com.jostens.qa.testcases.FPaymentPageTest@bd4dc25]" started-at="2021-02-16T09:19:52 CST" name="afterMethod" finished-at="2021-02-16T09:19:52 CST" duration-ms="91" status="PASS">
          <params>
            <param index="0">
              <value>
                <![CDATA[[TestResult name=paymentPageTest status=SUCCESS method=FPaymentPageTest.paymentPageTest(java.lang.String, java.lang.String, java.lang.String, java.lang.String, java.lang.String, java.lang.String, java.lang.String, java.lang.String)[pri:0, instance:com.jostens.qa.testcases.FPaymentPageTest@bd4dc25] output={null}]]]>
              </value>
            </param>
          </params>
          <reporter-output>
          </reporter-output>
        </test-method> <!-- afterMethod -->
      </class> <!-- com.jostens.qa.testcases.FPaymentPageTest -->
    </test> <!-- Regression Chrome -->
  </suite> <!-- TestSuite -->
</testng-results>
