<?xml version="1.0" encoding="UTF-8"?>
<testng-results ignored="10" total="26" passed="16" failed="0" skipped="0">
  <reporter-output>
  </reporter-output>
  <suite started-at="2021-01-31T20:49:52 CST" name="TestSuite" finished-at="2021-01-31T20:52:28 CST" duration-ms="155485">
    <groups>
    </groups>
    <test started-at="2021-01-31T20:49:52 CST" name="Regression Chrome" finished-at="2021-01-31T20:52:28 CST" duration-ms="155485">
      <class name="com.jostens.qa.testcases.CheckoutPageTest">
        <test-method is-config="true" signature="beforeClass()[pri:0, instance:com.jostens.qa.testcases.CheckoutPageTest@4d465b11]" started-at="2021-01-31T20:51:43 CST" name="beforeClass" finished-at="2021-01-31T20:51:43 CST" duration-ms="98" status="PASS">
          <reporter-output>
          </reporter-output>
        </test-method> <!-- beforeClass -->
        <test-method signature="proceedWithCheckoutTest(java.lang.String, java.lang.String, java.lang.String, java.lang.String, java.lang.String, java.lang.String, java.lang.String, java.lang.String, java.lang.String, java.lang.String, java.lang.String, java.lang.String, java.lang.String, java.lang.String, java.lang.String, java.lang.String, java.lang.String)[pri:1, instance:com.jostens.qa.testcases.CheckoutPageTest@4d465b11]" started-at="2021-01-31T20:51:43 CST" name="proceedWithCheckoutTest" data-provider="inputs" finished-at="2021-01-31T20:51:53 CST" duration-ms="9686" status="PASS">
          <params>
            <param index="0">
              <value>
                <![CDATA[New Era Men's Heritage Blend 3/4-Sleeve Baseball Raglan Tee]]>
              </value>
            </param>
            <param index="1">
              <value>
                <![CDATA[1]]>
              </value>
            </param>
            <param index="2">
              <value>
                <![CDATA[$24.95]]>
              </value>
            </param>
            <param index="3">
              <value>
                <![CDATA[Information - Jostens School Store - Checkout]]>
              </value>
            </param>
            <param index="4">
              <value>
                <![CDATA[Steve.VerMulm@gmail.com]]>
              </value>
            </param>
            <param index="5">
              <value>
                <![CDATA[No]]>
              </value>
            </param>
            <param index="6">
              <value>
                <![CDATA[Steven]]>
              </value>
            </param>
            <param index="7">
              <value>
                <![CDATA[VerMulm]]>
              </value>
            </param>
            <param index="8">
              <value>
                <![CDATA[409 5th Ave. South]]>
              </value>
            </param>
            <param index="9">
              <value>
                <![CDATA[Hopkins]]>
              </value>
            </param>
            <param index="10">
              <value>
                <![CDATA[United States]]>
              </value>
            </param>
            <param index="11">
              <value>
                <![CDATA[Minnesota]]>
              </value>
            </param>
            <param index="12">
              <value>
                <![CDATA[55343]]>
              </value>
            </param>
            <param index="13">
              <value>
                <![CDATA[7123635520]]>
              </value>
            </param>
            <param index="14">
              <value>
                <![CDATA[No]]>
              </value>
            </param>
            <param index="15">
              <value>
                <![CDATA[Success - 2021/01/31 20:33:38]]>
              </value>
            </param>
            <param index="16">
              <value>
                <![CDATA[1]]>
              </value>
            </param>
          </params>
          <reporter-output>
          </reporter-output>
        </test-method> <!-- proceedWithCheckoutTest -->
        <test-method is-config="true" signature="afterMethod(org.testng.ITestResult)[pri:0, instance:com.jostens.qa.testcases.CheckoutPageTest@4d465b11]" started-at="2021-01-31T20:51:53 CST" name="afterMethod" finished-at="2021-01-31T20:51:53 CST" duration-ms="97" status="PASS">
          <params>
            <param index="0">
              <value>
                <![CDATA[[TestResult name=proceedWithCheckoutTest status=SUCCESS method=CheckoutPageTest.proceedWithCheckoutTest(java.lang.String, java.lang.String, java.lang.String, java.lang.String, java.lang.String, java.lang.String, java.lang.String, java.lang.String, java.lang.String, java.lang.String, java.lang.String, java.lang.String, java.lang.String, java.lang.String, java.lang.String, java.lang.String, java.lang.String)[pri:1, instance:com.jostens.qa.testcases.CheckoutPageTest@4d465b11] output={null}]]]>
              </value>
            </param>
          </params>
          <reporter-output>
          </reporter-output>
        </test-method> <!-- afterMethod -->
        <test-method signature="proceedWithCheckoutTest(java.lang.String, java.lang.String, java.lang.String, java.lang.String, java.lang.String, java.lang.String, java.lang.String, java.lang.String, java.lang.String, java.lang.String, java.lang.String, java.lang.String, java.lang.String, java.lang.String, java.lang.String, java.lang.String, java.lang.String)[pri:1, instance:com.jostens.qa.testcases.CheckoutPageTest@4d465b11]" started-at="2021-01-31T20:51:53 CST" name="proceedWithCheckoutTest" data-provider="inputs" finished-at="2021-01-31T20:52:02 CST" duration-ms="9130" status="PASS">
          <params>
            <param index="0">
              <value>
                <![CDATA[Next Level Unisex Triblend Long Sleeve Pullover Hoodie]]>
              </value>
            </param>
            <param index="1">
              <value>
                <![CDATA[1]]>
              </value>
            </param>
            <param index="2">
              <value>
                <![CDATA[$33.95]]>
              </value>
            </param>
            <param index="3">
              <value>
                <![CDATA[Information - Jostens School Store - Checkout]]>
              </value>
            </param>
            <param index="4">
              <value>
                <![CDATA[Steve.VerMulm@gmail.com]]>
              </value>
            </param>
            <param index="5">
              <value>
                <![CDATA[No]]>
              </value>
            </param>
            <param index="6">
              <value>
                <![CDATA[Ashlyn]]>
              </value>
            </param>
            <param index="7">
              <value>
                <![CDATA[Ambrose]]>
              </value>
            </param>
            <param index="8">
              <value>
                <![CDATA[409 Beachcomber Drive]]>
              </value>
            </param>
            <param index="9">
              <value>
                <![CDATA[Lake Park]]>
              </value>
            </param>
            <param index="10">
              <value>
                <![CDATA[United States]]>
              </value>
            </param>
            <param index="11">
              <value>
                <![CDATA[Iowa]]>
              </value>
            </param>
            <param index="12">
              <value>
                <![CDATA[51347]]>
              </value>
            </param>
            <param index="13">
              <value>
                <![CDATA[7123632575]]>
              </value>
            </param>
            <param index="14">
              <value>
                <![CDATA[No]]>
              </value>
            </param>
            <param index="15">
              <value>
                <![CDATA[Success - 2021/01/31 20:33:45]]>
              </value>
            </param>
            <param index="16">
              <value>
                <![CDATA[2]]>
              </value>
            </param>
          </params>
          <reporter-output>
          </reporter-output>
        </test-method> <!-- proceedWithCheckoutTest -->
        <test-method is-config="true" signature="afterMethod(org.testng.ITestResult)[pri:0, instance:com.jostens.qa.testcases.CheckoutPageTest@4d465b11]" started-at="2021-01-31T20:52:02 CST" name="afterMethod" finished-at="2021-01-31T20:52:02 CST" duration-ms="81" status="PASS">
          <params>
            <param index="0">
              <value>
                <![CDATA[[TestResult name=proceedWithCheckoutTest status=SUCCESS method=CheckoutPageTest.proceedWithCheckoutTest(java.lang.String, java.lang.String, java.lang.String, java.lang.String, java.lang.String, java.lang.String, java.lang.String, java.lang.String, java.lang.String, java.lang.String, java.lang.String, java.lang.String, java.lang.String, java.lang.String, java.lang.String, java.lang.String, java.lang.String)[pri:1, instance:com.jostens.qa.testcases.CheckoutPageTest@4d465b11] output={null}]]]>
              </value>
            </param>
          </params>
          <reporter-output>
          </reporter-output>
        </test-method> <!-- afterMethod -->
        <test-method signature="proceedWithCheckoutTest(java.lang.String, java.lang.String, java.lang.String, java.lang.String, java.lang.String, java.lang.String, java.lang.String, java.lang.String, java.lang.String, java.lang.String, java.lang.String, java.lang.String, java.lang.String, java.lang.String, java.lang.String, java.lang.String, java.lang.String)[pri:1, instance:com.jostens.qa.testcases.CheckoutPageTest@4d465b11]" started-at="2021-01-31T20:52:02 CST" name="proceedWithCheckoutTest" data-provider="inputs" finished-at="2021-01-31T20:52:11 CST" duration-ms="8691" status="PASS">
          <params>
            <param index="0">
              <value>
                <![CDATA[3 Ply Sublimated Mask]]>
              </value>
            </param>
            <param index="1">
              <value>
                <![CDATA[1]]>
              </value>
            </param>
            <param index="2">
              <value>
                <![CDATA[$18.95]]>
              </value>
            </param>
            <param index="3">
              <value>
                <![CDATA[Information - Jostens School Store - Checkout]]>
              </value>
            </param>
            <param index="4">
              <value>
                <![CDATA[Steve.VerMulm@gmail.com]]>
              </value>
            </param>
            <param index="5">
              <value>
                <![CDATA[No]]>
              </value>
            </param>
            <param index="6">
              <value>
                <![CDATA[Cynthia]]>
              </value>
            </param>
            <param index="7">
              <value>
                <![CDATA[Ambrosia]]>
              </value>
            </param>
            <param index="8">
              <value>
                <![CDATA[62310 Lake View Road]]>
              </value>
            </param>
            <param index="9">
              <value>
                <![CDATA[Madison Lake]]>
              </value>
            </param>
            <param index="10">
              <value>
                <![CDATA[United States]]>
              </value>
            </param>
            <param index="11">
              <value>
                <![CDATA[Minnesota]]>
              </value>
            </param>
            <param index="12">
              <value>
                <![CDATA[56063]]>
              </value>
            </param>
            <param index="13">
              <value>
                <![CDATA[7123635519]]>
              </value>
            </param>
            <param index="14">
              <value>
                <![CDATA[No]]>
              </value>
            </param>
            <param index="15">
              <value>
                <![CDATA[Success - 2021/01/31 20:33:57]]>
              </value>
            </param>
            <param index="16">
              <value>
                <![CDATA[3]]>
              </value>
            </param>
          </params>
          <reporter-output>
          </reporter-output>
        </test-method> <!-- proceedWithCheckoutTest -->
        <test-method is-config="true" signature="afterMethod(org.testng.ITestResult)[pri:0, instance:com.jostens.qa.testcases.CheckoutPageTest@4d465b11]" started-at="2021-01-31T20:52:11 CST" name="afterMethod" finished-at="2021-01-31T20:52:11 CST" duration-ms="115" status="PASS">
          <params>
            <param index="0">
              <value>
                <![CDATA[[TestResult name=proceedWithCheckoutTest status=SUCCESS method=CheckoutPageTest.proceedWithCheckoutTest(java.lang.String, java.lang.String, java.lang.String, java.lang.String, java.lang.String, java.lang.String, java.lang.String, java.lang.String, java.lang.String, java.lang.String, java.lang.String, java.lang.String, java.lang.String, java.lang.String, java.lang.String, java.lang.String, java.lang.String)[pri:1, instance:com.jostens.qa.testcases.CheckoutPageTest@4d465b11] output={null}]]]>
              </value>
            </param>
          </params>
          <reporter-output>
          </reporter-output>
        </test-method> <!-- afterMethod -->
        <test-method signature="checkoutListVerification(java.lang.String, java.lang.String, java.lang.String, java.lang.String, java.lang.String, java.lang.String, java.lang.String, java.lang.String, java.lang.String, java.lang.String, java.lang.String, java.lang.String, java.lang.String, java.lang.String, java.lang.String, java.lang.String, java.lang.String)[pri:2, instance:com.jostens.qa.testcases.CheckoutPageTest@4d465b11]" started-at="2021-01-31T20:52:11 CST" name="checkoutListVerification" data-provider="inputs" finished-at="2021-01-31T20:52:11 CST" duration-ms="133" status="PASS">
          <params>
            <param index="0">
              <value>
                <![CDATA[New Era Men's Heritage Blend 3/4-Sleeve Baseball Raglan Tee]]>
              </value>
            </param>
            <param index="1">
              <value>
                <![CDATA[1]]>
              </value>
            </param>
            <param index="2">
              <value>
                <![CDATA[$24.95]]>
              </value>
            </param>
            <param index="3">
              <value>
                <![CDATA[Information - Jostens School Store - Checkout]]>
              </value>
            </param>
            <param index="4">
              <value>
                <![CDATA[Steve.VerMulm@gmail.com]]>
              </value>
            </param>
            <param index="5">
              <value>
                <![CDATA[No]]>
              </value>
            </param>
            <param index="6">
              <value>
                <![CDATA[Steven]]>
              </value>
            </param>
            <param index="7">
              <value>
                <![CDATA[VerMulm]]>
              </value>
            </param>
            <param index="8">
              <value>
                <![CDATA[409 5th Ave. South]]>
              </value>
            </param>
            <param index="9">
              <value>
                <![CDATA[Hopkins]]>
              </value>
            </param>
            <param index="10">
              <value>
                <![CDATA[United States]]>
              </value>
            </param>
            <param index="11">
              <value>
                <![CDATA[Minnesota]]>
              </value>
            </param>
            <param index="12">
              <value>
                <![CDATA[55343]]>
              </value>
            </param>
            <param index="13">
              <value>
                <![CDATA[7123635520]]>
              </value>
            </param>
            <param index="14">
              <value>
                <![CDATA[No]]>
              </value>
            </param>
            <param index="15">
              <value>
                <![CDATA[Success - 2021/01/31 20:51:53]]>
              </value>
            </param>
            <param index="16">
              <value>
                <![CDATA[1]]>
              </value>
            </param>
          </params>
          <reporter-output>
          </reporter-output>
        </test-method> <!-- checkoutListVerification -->
        <test-method is-config="true" signature="afterMethod(org.testng.ITestResult)[pri:0, instance:com.jostens.qa.testcases.CheckoutPageTest@4d465b11]" started-at="2021-01-31T20:52:11 CST" name="afterMethod" finished-at="2021-01-31T20:52:11 CST" duration-ms="79" status="PASS">
          <params>
            <param index="0">
              <value>
                <![CDATA[[TestResult name=checkoutListVerification status=SUCCESS method=CheckoutPageTest.checkoutListVerification(java.lang.String, java.lang.String, java.lang.String, java.lang.String, java.lang.String, java.lang.String, java.lang.String, java.lang.String, java.lang.String, java.lang.String, java.lang.String, java.lang.String, java.lang.String, java.lang.String, java.lang.String, java.lang.String, java.lang.String)[pri:2, instance:com.jostens.qa.testcases.CheckoutPageTest@4d465b11] output={null}]]]>
              </value>
            </param>
          </params>
          <reporter-output>
          </reporter-output>
        </test-method> <!-- afterMethod -->
        <test-method signature="checkoutListVerification(java.lang.String, java.lang.String, java.lang.String, java.lang.String, java.lang.String, java.lang.String, java.lang.String, java.lang.String, java.lang.String, java.lang.String, java.lang.String, java.lang.String, java.lang.String, java.lang.String, java.lang.String, java.lang.String, java.lang.String)[pri:2, instance:com.jostens.qa.testcases.CheckoutPageTest@4d465b11]" started-at="2021-01-31T20:52:11 CST" name="checkoutListVerification" data-provider="inputs" finished-at="2021-01-31T20:52:11 CST" duration-ms="119" status="PASS">
          <params>
            <param index="0">
              <value>
                <![CDATA[Next Level Unisex Triblend Long Sleeve Pullover Hoodie]]>
              </value>
            </param>
            <param index="1">
              <value>
                <![CDATA[1]]>
              </value>
            </param>
            <param index="2">
              <value>
                <![CDATA[$33.95]]>
              </value>
            </param>
            <param index="3">
              <value>
                <![CDATA[Information - Jostens School Store - Checkout]]>
              </value>
            </param>
            <param index="4">
              <value>
                <![CDATA[Steve.VerMulm@gmail.com]]>
              </value>
            </param>
            <param index="5">
              <value>
                <![CDATA[No]]>
              </value>
            </param>
            <param index="6">
              <value>
                <![CDATA[Ashlyn]]>
              </value>
            </param>
            <param index="7">
              <value>
                <![CDATA[Ambrose]]>
              </value>
            </param>
            <param index="8">
              <value>
                <![CDATA[409 Beachcomber Drive]]>
              </value>
            </param>
            <param index="9">
              <value>
                <![CDATA[Lake Park]]>
              </value>
            </param>
            <param index="10">
              <value>
                <![CDATA[United States]]>
              </value>
            </param>
            <param index="11">
              <value>
                <![CDATA[Iowa]]>
              </value>
            </param>
            <param index="12">
              <value>
                <![CDATA[51347]]>
              </value>
            </param>
            <param index="13">
              <value>
                <![CDATA[7123632575]]>
              </value>
            </param>
            <param index="14">
              <value>
                <![CDATA[No]]>
              </value>
            </param>
            <param index="15">
              <value>
                <![CDATA[Success - 2021/01/31 20:52:02]]>
              </value>
            </param>
            <param index="16">
              <value>
                <![CDATA[2]]>
              </value>
            </param>
          </params>
          <reporter-output>
          </reporter-output>
        </test-method> <!-- checkoutListVerification -->
        <test-method is-config="true" signature="afterMethod(org.testng.ITestResult)[pri:0, instance:com.jostens.qa.testcases.CheckoutPageTest@4d465b11]" started-at="2021-01-31T20:52:11 CST" name="afterMethod" finished-at="2021-01-31T20:52:12 CST" duration-ms="85" status="PASS">
          <params>
            <param index="0">
              <value>
                <![CDATA[[TestResult name=checkoutListVerification status=SUCCESS method=CheckoutPageTest.checkoutListVerification(java.lang.String, java.lang.String, java.lang.String, java.lang.String, java.lang.String, java.lang.String, java.lang.String, java.lang.String, java.lang.String, java.lang.String, java.lang.String, java.lang.String, java.lang.String, java.lang.String, java.lang.String, java.lang.String, java.lang.String)[pri:2, instance:com.jostens.qa.testcases.CheckoutPageTest@4d465b11] output={null}]]]>
              </value>
            </param>
          </params>
          <reporter-output>
          </reporter-output>
        </test-method> <!-- afterMethod -->
        <test-method signature="checkoutListVerification(java.lang.String, java.lang.String, java.lang.String, java.lang.String, java.lang.String, java.lang.String, java.lang.String, java.lang.String, java.lang.String, java.lang.String, java.lang.String, java.lang.String, java.lang.String, java.lang.String, java.lang.String, java.lang.String, java.lang.String)[pri:2, instance:com.jostens.qa.testcases.CheckoutPageTest@4d465b11]" started-at="2021-01-31T20:52:12 CST" name="checkoutListVerification" data-provider="inputs" finished-at="2021-01-31T20:52:12 CST" duration-ms="118" status="PASS">
          <params>
            <param index="0">
              <value>
                <![CDATA[3 Ply Sublimated Mask]]>
              </value>
            </param>
            <param index="1">
              <value>
                <![CDATA[1]]>
              </value>
            </param>
            <param index="2">
              <value>
                <![CDATA[$18.95]]>
              </value>
            </param>
            <param index="3">
              <value>
                <![CDATA[Information - Jostens School Store - Checkout]]>
              </value>
            </param>
            <param index="4">
              <value>
                <![CDATA[Steve.VerMulm@gmail.com]]>
              </value>
            </param>
            <param index="5">
              <value>
                <![CDATA[No]]>
              </value>
            </param>
            <param index="6">
              <value>
                <![CDATA[Cynthia]]>
              </value>
            </param>
            <param index="7">
              <value>
                <![CDATA[Ambrosia]]>
              </value>
            </param>
            <param index="8">
              <value>
                <![CDATA[62310 Lake View Road]]>
              </value>
            </param>
            <param index="9">
              <value>
                <![CDATA[Madison Lake]]>
              </value>
            </param>
            <param index="10">
              <value>
                <![CDATA[United States]]>
              </value>
            </param>
            <param index="11">
              <value>
                <![CDATA[Minnesota]]>
              </value>
            </param>
            <param index="12">
              <value>
                <![CDATA[56063]]>
              </value>
            </param>
            <param index="13">
              <value>
                <![CDATA[7123635519]]>
              </value>
            </param>
            <param index="14">
              <value>
                <![CDATA[No]]>
              </value>
            </param>
            <param index="15">
              <value>
                <![CDATA[Success - 2021/01/31 20:52:11]]>
              </value>
            </param>
            <param index="16">
              <value>
                <![CDATA[3]]>
              </value>
            </param>
          </params>
          <reporter-output>
          </reporter-output>
        </test-method> <!-- checkoutListVerification -->
        <test-method is-config="true" signature="afterMethod(org.testng.ITestResult)[pri:0, instance:com.jostens.qa.testcases.CheckoutPageTest@4d465b11]" started-at="2021-01-31T20:52:12 CST" name="afterMethod" finished-at="2021-01-31T20:52:12 CST" duration-ms="79" status="PASS">
          <params>
            <param index="0">
              <value>
                <![CDATA[[TestResult name=checkoutListVerification status=SUCCESS method=CheckoutPageTest.checkoutListVerification(java.lang.String, java.lang.String, java.lang.String, java.lang.String, java.lang.String, java.lang.String, java.lang.String, java.lang.String, java.lang.String, java.lang.String, java.lang.String, java.lang.String, java.lang.String, java.lang.String, java.lang.String, java.lang.String, java.lang.String)[pri:2, instance:com.jostens.qa.testcases.CheckoutPageTest@4d465b11] output={null}]]]>
              </value>
            </param>
          </params>
          <reporter-output>
          </reporter-output>
        </test-method> <!-- afterMethod -->
      </class> <!-- com.jostens.qa.testcases.CheckoutPageTest -->
      <class name="com.jostens.qa.testcases.LoginPageTest">
        <test-method is-config="true" signature="beforeSuite(java.lang.String, java.lang.String, java.lang.String, java.lang.String, java.lang.String)[pri:0, instance:com.jostens.qa.testcases.LoginPageTest@3bf9ce3e]" started-at="2021-01-31T20:49:52 CST" name="beforeSuite" finished-at="2021-01-31T20:49:57 CST" duration-ms="4600" status="PASS">
          <params>
            <param index="0">
              <value>
                <![CDATA[Chrome]]>
              </value>
            </param>
            <param index="1">
              <value>
                <![CDATA[81]]>
              </value>
            </param>
            <param index="2">
              <value>
                <![CDATA[Windows]]>
              </value>
            </param>
            <param index="3">
              <value>
                <![CDATA[10]]>
              </value>
            </param>
            <param index="4">
              <value>
                <![CDATA[n]]>
              </value>
            </param>
          </params>
          <reporter-output>
          </reporter-output>
        </test-method> <!-- beforeSuite -->
        <test-method is-config="true" signature="beforeClass()[pri:0, instance:com.jostens.qa.testcases.LoginPageTest@3bf9ce3e]" started-at="2021-01-31T20:49:57 CST" name="beforeClass" finished-at="2021-01-31T20:49:58 CST" duration-ms="665" status="PASS">
          <reporter-output>
          </reporter-output>
        </test-method> <!-- beforeClass -->
        <test-method signature="loginTest()[pri:0, instance:com.jostens.qa.testcases.LoginPageTest@3bf9ce3e]" started-at="2021-01-31T20:49:58 CST" name="loginTest" finished-at="2021-01-31T20:50:03 CST" duration-ms="5125" status="PASS">
          <reporter-output>
          </reporter-output>
        </test-method> <!-- loginTest -->
        <test-method is-config="true" signature="afterMethod(org.testng.ITestResult)[pri:0, instance:com.jostens.qa.testcases.LoginPageTest@3bf9ce3e]" started-at="2021-01-31T20:50:03 CST" name="afterMethod" finished-at="2021-01-31T20:50:04 CST" duration-ms="1164" status="PASS">
          <params>
            <param index="0">
              <value>
                <![CDATA[[TestResult name=loginTest status=SUCCESS method=LoginPageTest.loginTest()[pri:0, instance:com.jostens.qa.testcases.LoginPageTest@3bf9ce3e] output={null}]]]>
              </value>
            </param>
          </params>
          <reporter-output>
          </reporter-output>
        </test-method> <!-- afterMethod -->
        <test-method is-config="true" signature="afterSuite()[pri:0, instance:com.jostens.qa.testcases.LoginPageTest@3bf9ce3e]" started-at="2021-01-31T20:52:28 CST" name="afterSuite" finished-at="2021-01-31T20:52:28 CST" duration-ms="0" status="PASS">
          <reporter-output>
          </reporter-output>
        </test-method> <!-- afterSuite -->
      </class> <!-- com.jostens.qa.testcases.LoginPageTest -->
      <class name="com.jostens.qa.testcases.SearchSchoolPageTest">
        <test-method is-config="true" signature="beforeClass()[pri:0, instance:com.jostens.qa.testcases.SearchSchoolPageTest@16610890]" started-at="2021-01-31T20:50:04 CST" name="beforeClass" finished-at="2021-01-31T20:50:04 CST" duration-ms="196" status="PASS">
          <reporter-output>
          </reporter-output>
        </test-method> <!-- beforeClass -->
        <test-method signature="searchSchoolTest(java.lang.String, java.lang.String, java.lang.String, java.lang.String)[pri:0, instance:com.jostens.qa.testcases.SearchSchoolPageTest@16610890]" started-at="2021-01-31T20:50:04 CST" name="searchSchoolTest" data-provider="inputs" finished-at="2021-01-31T20:50:07 CST" duration-ms="3306" status="PASS">
          <params>
            <param index="0">
              <value>
                <![CDATA[Chaska Middle School East]]>
              </value>
            </param>
            <param index="1">
              <value>
                <![CDATA[Chaska Middle School East Chaska, MN Products - Graduation Products from Jostens]]>
              </value>
            </param>
            <param index="2">
              <value>
                <![CDATA[Success - 2021/01/31 20:43:36]]>
              </value>
            </param>
            <param index="3">
              <value>
                <![CDATA[1]]>
              </value>
            </param>
          </params>
          <reporter-output>
          </reporter-output>
        </test-method> <!-- searchSchoolTest -->
        <test-method is-config="true" signature="afterMethod(org.testng.ITestResult)[pri:0, instance:com.jostens.qa.testcases.SearchSchoolPageTest@16610890]" started-at="2021-01-31T20:50:07 CST" name="afterMethod" finished-at="2021-01-31T20:50:08 CST" duration-ms="354" status="PASS">
          <params>
            <param index="0">
              <value>
                <![CDATA[[TestResult name=searchSchoolTest status=SUCCESS method=SearchSchoolPageTest.searchSchoolTest(java.lang.String, java.lang.String, java.lang.String, java.lang.String)[pri:0, instance:com.jostens.qa.testcases.SearchSchoolPageTest@16610890] output={null}]]]>
              </value>
            </param>
          </params>
          <reporter-output>
          </reporter-output>
        </test-method> <!-- afterMethod -->
        <test-method signature="searchSchoolTest(java.lang.String, java.lang.String, java.lang.String, java.lang.String)[pri:0, instance:com.jostens.qa.testcases.SearchSchoolPageTest@16610890]" started-at="2021-01-31T20:50:08 CST" name="searchSchoolTest" data-provider="inputs" finished-at="2021-01-31T20:50:11 CST" duration-ms="2792" status="PASS">
          <params>
            <param index="0">
              <value>
                <![CDATA[Chaska High School]]>
              </value>
            </param>
            <param index="1">
              <value>
                <![CDATA[Chaska High School Chaska, MN Products - Graduation Products from Jostens]]>
              </value>
            </param>
            <param index="2">
              <value>
                <![CDATA[Success - 2021/01/31 20:43:39]]>
              </value>
            </param>
            <param index="3">
              <value>
                <![CDATA[2]]>
              </value>
            </param>
          </params>
          <reporter-output>
          </reporter-output>
        </test-method> <!-- searchSchoolTest -->
        <test-method is-config="true" signature="afterMethod(org.testng.ITestResult)[pri:0, instance:com.jostens.qa.testcases.SearchSchoolPageTest@16610890]" started-at="2021-01-31T20:50:11 CST" name="afterMethod" finished-at="2021-01-31T20:50:11 CST" duration-ms="164" status="PASS">
          <params>
            <param index="0">
              <value>
                <![CDATA[[TestResult name=searchSchoolTest status=SUCCESS method=SearchSchoolPageTest.searchSchoolTest(java.lang.String, java.lang.String, java.lang.String, java.lang.String)[pri:0, instance:com.jostens.qa.testcases.SearchSchoolPageTest@16610890] output={null}]]]>
              </value>
            </param>
          </params>
          <reporter-output>
          </reporter-output>
        </test-method> <!-- afterMethod -->
      </class> <!-- com.jostens.qa.testcases.SearchSchoolPageTest -->
      <class name="com.jostens.qa.testcases.PaymentPageTest">
        <test-method is-config="true" signature="beforeClass()[pri:0, instance:com.jostens.qa.testcases.PaymentPageTest@53fdffa1]" started-at="2021-01-31T20:52:12 CST" name="beforeClass" finished-at="2021-01-31T20:52:12 CST" duration-ms="98" status="PASS">
          <reporter-output>
          </reporter-output>
        </test-method> <!-- beforeClass -->
        <test-method signature="paymentPageTest(java.lang.String, java.lang.String, java.lang.String, java.lang.String, java.lang.String, java.lang.String, java.lang.String)[pri:0, instance:com.jostens.qa.testcases.PaymentPageTest@53fdffa1]" started-at="2021-01-31T20:52:12 CST" name="paymentPageTest" data-provider="inputs" finished-at="2021-01-31T20:52:28 CST" duration-ms="15767" status="PASS">
          <params>
            <param index="0">
              <value>
                <![CDATA[5555555555554444]]>
              </value>
            </param>
            <param index="1">
              <value>
                <![CDATA[Cynthia Ambrosia]]>
              </value>
            </param>
            <param index="2">
              <value>
                <![CDATA[0924]]>
              </value>
            </param>
            <param index="3">
              <value>
                <![CDATA[096]]>
              </value>
            </param>
            <param index="4">
              <value>
                <![CDATA[Invalid CC Number]]>
              </value>
            </param>
            <param index="5">
              <value>
                <![CDATA[Success - 2021/01/31 20:34:15]]>
              </value>
            </param>
            <param index="6">
              <value>
                <![CDATA[1]]>
              </value>
            </param>
          </params>
          <reporter-output>
          </reporter-output>
        </test-method> <!-- paymentPageTest -->
        <test-method is-config="true" signature="afterMethod(org.testng.ITestResult)[pri:0, instance:com.jostens.qa.testcases.PaymentPageTest@53fdffa1]" started-at="2021-01-31T20:52:28 CST" name="afterMethod" finished-at="2021-01-31T20:52:28 CST" duration-ms="89" status="PASS">
          <params>
            <param index="0">
              <value>
                <![CDATA[[TestResult name=paymentPageTest status=SUCCESS method=PaymentPageTest.paymentPageTest(java.lang.String, java.lang.String, java.lang.String, java.lang.String, java.lang.String, java.lang.String, java.lang.String)[pri:0, instance:com.jostens.qa.testcases.PaymentPageTest@53fdffa1] output={null}]]]>
              </value>
            </param>
          </params>
          <reporter-output>
          </reporter-output>
        </test-method> <!-- afterMethod -->
      </class> <!-- com.jostens.qa.testcases.PaymentPageTest -->
      <class name="com.jostens.qa.testcases.ShoppingCartPageTest">
        <test-method is-config="true" signature="beforeClass()[pri:0, instance:com.jostens.qa.testcases.ShoppingCartPageTest@383bfa16]" started-at="2021-01-31T20:51:41 CST" name="beforeClass" finished-at="2021-01-31T20:51:41 CST" duration-ms="111" status="PASS">
          <reporter-output>
          </reporter-output>
        </test-method> <!-- beforeClass -->
        <test-method signature="addProductToCartTest(java.lang.String, java.lang.String, java.lang.String, java.lang.String, java.lang.String, java.lang.String, java.lang.String, java.lang.String)[pri:0, instance:com.jostens.qa.testcases.ShoppingCartPageTest@383bfa16]" started-at="2021-01-31T20:51:41 CST" name="addProductToCartTest" data-provider="inputs" finished-at="2021-01-31T20:51:43 CST" duration-ms="1644" status="PASS">
          <params>
            <param index="0">
              <value>
                <![CDATA[New Era Men's Heritage Blend 3/4-Sleeve Baseball Raglan Tee]]>
              </value>
            </param>
            <param index="1">
              <value>
                <![CDATA[Your Shopping Cart - Jostens School Store]]>
              </value>
            </param>
            <param index="2">
              <value>
                <![CDATA[$24.95]]>
              </value>
            </param>
            <param index="3">
              <value>
                <![CDATA[1]]>
              </value>
            </param>
            <param index="4">
              <value>
                <![CDATA[$24.95]]>
              </value>
            </param>
            <param index="5">
              <value>
                <![CDATA[$77.85]]>
              </value>
            </param>
            <param index="6">
              <value>
                <![CDATA[Failure - 2021/01/31 20:48:04]]>
              </value>
            </param>
            <param index="7">
              <value>
                <![CDATA[1]]>
              </value>
            </param>
          </params>
          <reporter-output>
          </reporter-output>
        </test-method> <!-- addProductToCartTest -->
        <test-method is-config="true" signature="afterMethod(org.testng.ITestResult)[pri:0, instance:com.jostens.qa.testcases.ShoppingCartPageTest@383bfa16]" started-at="2021-01-31T20:51:43 CST" name="afterMethod" finished-at="2021-01-31T20:51:43 CST" duration-ms="103" status="PASS">
          <params>
            <param index="0">
              <value>
                <![CDATA[[TestResult name=addProductToCartTest status=SUCCESS method=ShoppingCartPageTest.addProductToCartTest(java.lang.String, java.lang.String, java.lang.String, java.lang.String, java.lang.String, java.lang.String, java.lang.String, java.lang.String)[pri:0, instance:com.jostens.qa.testcases.ShoppingCartPageTest@383bfa16] output={null}]]]>
              </value>
            </param>
          </params>
          <reporter-output>
          </reporter-output>
        </test-method> <!-- afterMethod -->
        <test-method signature="addProductToCartTest(java.lang.String, java.lang.String, java.lang.String, java.lang.String, java.lang.String, java.lang.String, java.lang.String, java.lang.String)[pri:0, instance:com.jostens.qa.testcases.ShoppingCartPageTest@383bfa16]" started-at="2021-01-31T20:51:43 CST" name="addProductToCartTest" data-provider="inputs" finished-at="2021-01-31T20:51:43 CST" duration-ms="146" status="PASS">
          <params>
            <param index="0">
              <value>
                <![CDATA[Next Level Unisex Triblend Long Sleeve Pullover Hoodie]]>
              </value>
            </param>
            <param index="1">
              <value>
                <![CDATA[Your Shopping Cart - Jostens School Store]]>
              </value>
            </param>
            <param index="2">
              <value>
                <![CDATA[$33.95]]>
              </value>
            </param>
            <param index="3">
              <value>
                <![CDATA[1]]>
              </value>
            </param>
            <param index="4">
              <value>
                <![CDATA[$33.95]]>
              </value>
            </param>
            <param index="5">
              <value>
                <![CDATA[$77.85]]>
              </value>
            </param>
            <param index="6">
              <value>
                <![CDATA[Success - 2021/01/31 20:45:10]]>
              </value>
            </param>
            <param index="7">
              <value>
                <![CDATA[2]]>
              </value>
            </param>
          </params>
          <reporter-output>
          </reporter-output>
        </test-method> <!-- addProductToCartTest -->
        <test-method is-config="true" signature="afterMethod(org.testng.ITestResult)[pri:0, instance:com.jostens.qa.testcases.ShoppingCartPageTest@383bfa16]" started-at="2021-01-31T20:51:43 CST" name="afterMethod" finished-at="2021-01-31T20:51:43 CST" duration-ms="103" status="PASS">
          <params>
            <param index="0">
              <value>
                <![CDATA[[TestResult name=addProductToCartTest status=SUCCESS method=ShoppingCartPageTest.addProductToCartTest(java.lang.String, java.lang.String, java.lang.String, java.lang.String, java.lang.String, java.lang.String, java.lang.String, java.lang.String)[pri:0, instance:com.jostens.qa.testcases.ShoppingCartPageTest@383bfa16] output={null}]]]>
              </value>
            </param>
          </params>
          <reporter-output>
          </reporter-output>
        </test-method> <!-- afterMethod -->
        <test-method signature="addProductToCartTest(java.lang.String, java.lang.String, java.lang.String, java.lang.String, java.lang.String, java.lang.String, java.lang.String, java.lang.String)[pri:0, instance:com.jostens.qa.testcases.ShoppingCartPageTest@383bfa16]" started-at="2021-01-31T20:51:43 CST" name="addProductToCartTest" data-provider="inputs" finished-at="2021-01-31T20:51:43 CST" duration-ms="159" status="PASS">
          <params>
            <param index="0">
              <value>
                <![CDATA[3 Ply Sublimated Mask]]>
              </value>
            </param>
            <param index="1">
              <value>
                <![CDATA[Your Shopping Cart - Jostens School Store]]>
              </value>
            </param>
            <param index="2">
              <value>
                <![CDATA[$18.95]]>
              </value>
            </param>
            <param index="3">
              <value>
                <![CDATA[1]]>
              </value>
            </param>
            <param index="4">
              <value>
                <![CDATA[$18.95]]>
              </value>
            </param>
            <param index="5">
              <value>
                <![CDATA[$77.85]]>
              </value>
            </param>
            <param index="6">
              <value>
                <![CDATA[Success - 2021/01/31 20:45:10]]>
              </value>
            </param>
            <param index="7">
              <value>
                <![CDATA[3]]>
              </value>
            </param>
          </params>
          <reporter-output>
          </reporter-output>
        </test-method> <!-- addProductToCartTest -->
        <test-method is-config="true" signature="afterMethod(org.testng.ITestResult)[pri:0, instance:com.jostens.qa.testcases.ShoppingCartPageTest@383bfa16]" started-at="2021-01-31T20:51:43 CST" name="afterMethod" finished-at="2021-01-31T20:51:43 CST" duration-ms="88" status="PASS">
          <params>
            <param index="0">
              <value>
                <![CDATA[[TestResult name=addProductToCartTest status=SUCCESS method=ShoppingCartPageTest.addProductToCartTest(java.lang.String, java.lang.String, java.lang.String, java.lang.String, java.lang.String, java.lang.String, java.lang.String, java.lang.String)[pri:0, instance:com.jostens.qa.testcases.ShoppingCartPageTest@383bfa16] output={null}]]]>
              </value>
            </param>
          </params>
          <reporter-output>
          </reporter-output>
        </test-method> <!-- afterMethod -->
      </class> <!-- com.jostens.qa.testcases.ShoppingCartPageTest -->
      <class name="com.jostens.qa.testcases.ProductDetailPageTest">
        <test-method is-config="true" signature="beforeClass()[pri:0, instance:com.jostens.qa.testcases.ProductDetailPageTest@71def8f8]" started-at="2021-01-31T20:50:11 CST" name="beforeClass" finished-at="2021-01-31T20:50:11 CST" duration-ms="115" status="PASS">
          <reporter-output>
          </reporter-output>
        </test-method> <!-- beforeClass -->
        <test-method signature="productSearchTest(java.lang.String, java.lang.String, java.lang.String, java.lang.String, java.lang.String, java.lang.String, java.lang.String, java.lang.String, java.lang.String, java.lang.String, java.lang.String, java.lang.String)[pri:0, instance:com.jostens.qa.testcases.ProductDetailPageTest@71def8f8]" started-at="2021-01-31T20:50:11 CST" name="productSearchTest" data-provider="inputs" finished-at="2021-01-31T20:50:43 CST" duration-ms="32469" status="PASS">
          <params>
            <param index="0">
              <value>
                <![CDATA[New Era Men's Heritage Blend 3/4-Sleeve Baseball Raglan Tee]]>
              </value>
            </param>
            <param index="1">
              <value>
                <![CDATA[New Era Men's Heritage Blend 3/4-Sleeve Baseball Raglan Tee - Jostens School Store]]>
              </value>
            </param>
            <param index="2">
              <value>
                <![CDATA[Black/White]]>
              </value>
            </param>
            <param index="3">
              <value>
                <![CDATA[XL]]>
              </value>
            </param>
            <param index="4">
              <value>
                <![CDATA[1]]>
              </value>
            </param>
            <param index="5">
              <value>
                <![CDATA[Right Chest]]>
              </value>
            </param>
            <param index="6">
              <value>
                <![CDATA[31]]>
              </value>
            </param>
            <param index="7">
              <value>
                <![CDATA[35]]>
              </value>
            </param>
            <param index="8">
              <value>
                <![CDATA[11]]>
              </value>
            </param>
            <param index="9">
              <value>
                <![CDATA[7.7]]>
              </value>
            </param>
            <param index="10">
              <value>
                <![CDATA[Success - 2020/12/23 13:32:56]]>
              </value>
            </param>
            <param index="11">
              <value>
                <![CDATA[1]]>
              </value>
            </param>
          </params>
          <reporter-output>
          </reporter-output>
        </test-method> <!-- productSearchTest -->
        <test-method is-config="true" signature="afterMethod(org.testng.ITestResult)[pri:0, instance:com.jostens.qa.testcases.ProductDetailPageTest@71def8f8]" started-at="2021-01-31T20:50:43 CST" name="afterMethod" finished-at="2021-01-31T20:50:44 CST" duration-ms="137" status="PASS">
          <params>
            <param index="0">
              <value>
                <![CDATA[[TestResult name=productSearchTest status=SUCCESS method=ProductDetailPageTest.productSearchTest(java.lang.String, java.lang.String, java.lang.String, java.lang.String, java.lang.String, java.lang.String, java.lang.String, java.lang.String, java.lang.String, java.lang.String, java.lang.String, java.lang.String)[pri:0, instance:com.jostens.qa.testcases.ProductDetailPageTest@71def8f8] output={null}]]]>
              </value>
            </param>
          </params>
          <reporter-output>
          </reporter-output>
        </test-method> <!-- afterMethod -->
        <test-method signature="productSearchTest(java.lang.String, java.lang.String, java.lang.String, java.lang.String, java.lang.String, java.lang.String, java.lang.String, java.lang.String, java.lang.String, java.lang.String, java.lang.String, java.lang.String)[pri:0, instance:com.jostens.qa.testcases.ProductDetailPageTest@71def8f8]" started-at="2021-01-31T20:50:44 CST" name="productSearchTest" data-provider="inputs" finished-at="2021-01-31T20:51:12 CST" duration-ms="28241" status="PASS">
          <params>
            <param index="0">
              <value>
                <![CDATA[Next Level Unisex Triblend Long Sleeve Pullover Hoodie]]>
              </value>
            </param>
            <param index="1">
              <value>
                <![CDATA[Next Level Unisex Triblend Long Sleeve Pullover Hoodie - Jostens School Store]]>
              </value>
            </param>
            <param index="2">
              <value>
                <![CDATA[White]]>
              </value>
            </param>
            <param index="3">
              <value>
                <![CDATA[M]]>
              </value>
            </param>
            <param index="4">
              <value>
                <![CDATA[2]]>
              </value>
            </param>
            <param index="5">
              <value>
                <![CDATA[Center Chest]]>
              </value>
            </param>
            <param index="6">
              <value>
                <![CDATA[35]]>
              </value>
            </param>
            <param index="7">
              <value>
                <![CDATA[20]]>
              </value>
            </param>
            <param index="8">
              <value>
                <![CDATA[30]]>
              </value>
            </param>
            <param index="9">
              <value>
                <![CDATA[21]]>
              </value>
            </param>
            <param index="10">
              <value>
                <![CDATA[Success - 2020/12/23 13:33:18]]>
              </value>
            </param>
            <param index="11">
              <value>
                <![CDATA[2]]>
              </value>
            </param>
          </params>
          <reporter-output>
          </reporter-output>
        </test-method> <!-- productSearchTest -->
        <test-method is-config="true" signature="afterMethod(org.testng.ITestResult)[pri:0, instance:com.jostens.qa.testcases.ProductDetailPageTest@71def8f8]" started-at="2021-01-31T20:51:12 CST" name="afterMethod" finished-at="2021-01-31T20:51:12 CST" duration-ms="135" status="PASS">
          <params>
            <param index="0">
              <value>
                <![CDATA[[TestResult name=productSearchTest status=SUCCESS method=ProductDetailPageTest.productSearchTest(java.lang.String, java.lang.String, java.lang.String, java.lang.String, java.lang.String, java.lang.String, java.lang.String, java.lang.String, java.lang.String, java.lang.String, java.lang.String, java.lang.String)[pri:0, instance:com.jostens.qa.testcases.ProductDetailPageTest@71def8f8] output={null}]]]>
              </value>
            </param>
          </params>
          <reporter-output>
          </reporter-output>
        </test-method> <!-- afterMethod -->
        <test-method signature="productSearchTest(java.lang.String, java.lang.String, java.lang.String, java.lang.String, java.lang.String, java.lang.String, java.lang.String, java.lang.String, java.lang.String, java.lang.String, java.lang.String, java.lang.String)[pri:0, instance:com.jostens.qa.testcases.ProductDetailPageTest@71def8f8]" started-at="2021-01-31T20:51:12 CST" name="productSearchTest" data-provider="inputs" finished-at="2021-01-31T20:51:41 CST" duration-ms="28701" status="PASS">
          <params>
            <param index="0">
              <value>
                <![CDATA[3 Ply Sublimated Mask]]>
              </value>
            </param>
            <param index="1">
              <value>
                <![CDATA[3 Ply Sublimated Mask - Jostens School Store]]>
              </value>
            </param>
            <param index="2">
              <value>
                <![CDATA[White]]>
              </value>
            </param>
            <param index="3">
              <value>
                <![CDATA[L/XL]]>
              </value>
            </param>
            <param index="4">
              <value>
                <![CDATA[6]]>
              </value>
            </param>
            <param index="5">
              <value>
                <![CDATA[Mask Center]]>
              </value>
            </param>
            <param index="6">
              <value>
                <![CDATA[35]]>
              </value>
            </param>
            <param index="7">
              <value>
                <![CDATA[37]]>
              </value>
            </param>
            <param index="8">
              <value>
                <![CDATA[30]]>
              </value>
            </param>
            <param index="9">
              <value>
                <![CDATA[21]]>
              </value>
            </param>
            <param index="10">
              <value>
                <![CDATA[Success - 2020/12/23 13:33:43]]>
              </value>
            </param>
            <param index="11">
              <value>
                <![CDATA[3]]>
              </value>
            </param>
          </params>
          <reporter-output>
          </reporter-output>
        </test-method> <!-- productSearchTest -->
        <test-method is-config="true" signature="afterMethod(org.testng.ITestResult)[pri:0, instance:com.jostens.qa.testcases.ProductDetailPageTest@71def8f8]" started-at="2021-01-31T20:51:41 CST" name="afterMethod" finished-at="2021-01-31T20:51:41 CST" duration-ms="125" status="PASS">
          <params>
            <param index="0">
              <value>
                <![CDATA[[TestResult name=productSearchTest status=SUCCESS method=ProductDetailPageTest.productSearchTest(java.lang.String, java.lang.String, java.lang.String, java.lang.String, java.lang.String, java.lang.String, java.lang.String, java.lang.String, java.lang.String, java.lang.String, java.lang.String, java.lang.String)[pri:0, instance:com.jostens.qa.testcases.ProductDetailPageTest@71def8f8] output={null}]]]>
              </value>
            </param>
          </params>
          <reporter-output>
          </reporter-output>
        </test-method> <!-- afterMethod -->
      </class> <!-- com.jostens.qa.testcases.ProductDetailPageTest -->
    </test> <!-- Regression Chrome -->
  </suite> <!-- TestSuite -->
</testng-results>
