<?xml version="1.0" encoding="UTF-8"?>
<!-- Generated by org.testng.reporters.JUnitXMLReporter -->
<testsuite ignored="10" hostname="DESKTOP-LTKBB09" failures="2" tests="16" name="Regression Chrome" time="134.221" errors="0" timestamp="2021-02-07T14:14:10 CST">
  <testcase classname="com.jostens.qa.testcases.LoginPageTest" name="loginTest" time="6.632">
    <failure type="java.lang.AssertionError" message="The following asserts failed:
	expected [Steven VerMulm] but found []">
      <![CDATA[java.lang.AssertionError: The following asserts failed:
expected [Steven VerMulm] but found []
at com.jostens.qa.testcases.LoginPageTest.loginTest(LoginPageTest.java:68)
at java.base/java.util.ArrayList.forEach(ArrayList.java:1541)
... Removed 29 stack frames]]>
    </failure>
  </testcase> <!-- loginTest -->
  <testcase classname="com.jostens.qa.testcases.SearchSchoolPageTest" name="searchSchoolTest" time="2.354"/>
  <testcase classname="com.jostens.qa.testcases.SearchSchoolPageTest" name="searchSchoolTest" time="2.216"/>
  <testcase classname="com.jostens.qa.testcases.ProductDetailPageTest" name="productSearchTest" time="32.18"/>
  <testcase classname="com.jostens.qa.testcases.ProductDetailPageTest" name="productSearchTest" time="28.293"/>
  <testcase classname="com.jostens.qa.testcases.ProductDetailPageTest" name="productSearchTest" time="27.246"/>
  <testcase classname="com.jostens.qa.testcases.ShoppingCartPageTest" name="addProductToCartTest" time="1.983"/>
  <testcase classname="com.jostens.qa.testcases.ShoppingCartPageTest" name="addProductToCartTest" time="0.098"/>
  <testcase classname="com.jostens.qa.testcases.ShoppingCartPageTest" name="addProductToCartTest" time="0.114"/>
  <testcase classname="com.jostens.qa.testcases.CheckoutPageTest" name="proceedWithCheckoutTest" time="9.36">
    <failure type="java.lang.AssertionError" message="The following asserts failed:
	expected [Information - Jostens School Store] but found [Information - Jostens School Store - Checkout]">
      <![CDATA[java.lang.AssertionError: The following asserts failed:
expected [Information - Jostens School Store] but found [Information - Jostens School Store - Checkout]
at com.jostens.qa.testcases.CheckoutPageTest.proceedWithCheckoutTest(CheckoutPageTest.java:77)
at java.base/java.util.ArrayList.forEach(ArrayList.java:1541)
... Removed 29 stack frames]]>
    </failure>
  </testcase> <!-- proceedWithCheckoutTest -->
  <testcase classname="com.jostens.qa.testcases.CheckoutPageTest" name="proceedWithCheckoutTest" time="7.408"/>
  <testcase classname="com.jostens.qa.testcases.CheckoutPageTest" name="proceedWithCheckoutTest" time="7.482"/>
  <testcase classname="com.jostens.qa.testcases.CheckoutPageTest" name="checkoutListVerification" time="0.15"/>
  <testcase classname="com.jostens.qa.testcases.CheckoutPageTest" name="checkoutListVerification" time="0.118"/>
  <testcase classname="com.jostens.qa.testcases.CheckoutPageTest" name="checkoutListVerification" time="0.099"/>
  <testcase classname="com.jostens.qa.testcases.PaymentPageTest" name="paymentPageTest" time="0.002">
    <skipped/>
  </testcase> <!-- paymentPageTest -->
  <testcase classname="com.jostens.qa.base.TestBase" name="@AfterSuite afterSuite" time="0.0">
    <ignored/>
  </testcase> <!-- @AfterSuite afterSuite -->
  <testcase classname="com.jostens.qa.base.TestBase" name="@AfterSuite afterSuite" time="0.0">
    <ignored/>
  </testcase> <!-- @AfterSuite afterSuite -->
  <testcase classname="com.jostens.qa.base.TestBase" name="@AfterSuite afterSuite" time="0.0">
    <ignored/>
  </testcase> <!-- @AfterSuite afterSuite -->
  <testcase classname="com.jostens.qa.base.TestBase" name="@AfterSuite afterSuite" time="0.0">
    <ignored/>
  </testcase> <!-- @AfterSuite afterSuite -->
  <testcase classname="com.jostens.qa.base.TestBase" name="@AfterSuite afterSuite" time="0.0">
    <ignored/>
  </testcase> <!-- @AfterSuite afterSuite -->
  <testcase classname="com.jostens.qa.base.TestBase" name="@BeforeTest beforeSuite" time="0.0">
    <ignored/>
  </testcase> <!-- @BeforeTest beforeSuite -->
  <testcase classname="com.jostens.qa.base.TestBase" name="@BeforeTest beforeSuite" time="0.0">
    <ignored/>
  </testcase> <!-- @BeforeTest beforeSuite -->
  <testcase classname="com.jostens.qa.base.TestBase" name="@BeforeTest beforeSuite" time="0.0">
    <ignored/>
  </testcase> <!-- @BeforeTest beforeSuite -->
  <testcase classname="com.jostens.qa.base.TestBase" name="@BeforeTest beforeSuite" time="0.0">
    <ignored/>
  </testcase> <!-- @BeforeTest beforeSuite -->
  <testcase classname="com.jostens.qa.base.TestBase" name="@BeforeTest beforeSuite" time="0.0">
    <ignored/>
  </testcase> <!-- @BeforeTest beforeSuite -->
</testsuite> <!-- Regression Chrome -->
