<?xml version="1.0" encoding="UTF-8"?>
<!-- Generated by org.testng.reporters.JUnitXMLReporter -->
<testsuite ignored="10" hostname="DESKTOP-LTKBB09" failures="0" tests="16" name="Regression Chrome" time="140.175" errors="0" timestamp="2021-01-31T15:55:28 CST">
  <testcase classname="com.jostens.qa.testcases.LoginPageTest" name="aloginTest" time="4.92"/>
  <testcase classname="com.jostens.qa.testcases.SearchSchoolPageTest" name="bsearchSchoolTest" time="2.694"/>
  <testcase classname="com.jostens.qa.testcases.SearchSchoolPageTest" name="bsearchSchoolTest" time="2.74"/>
  <testcase classname="com.jostens.qa.testcases.ProductDetailPageTest" name="cproductSearchTest" time="28.666"/>
  <testcase classname="com.jostens.qa.testcases.ProductDetailPageTest" name="cproductSearchTest" time="22.631"/>
  <testcase classname="com.jostens.qa.testcases.ProductDetailPageTest" name="cproductSearchTest" time="24.294"/>
  <testcase classname="com.jostens.qa.testcases.ShoppingCartPageTest" name="daddProductToCartTest" time="1.922"/>
  <testcase classname="com.jostens.qa.testcases.ShoppingCartPageTest" name="daddProductToCartTest" time="0.146"/>
  <testcase classname="com.jostens.qa.testcases.ShoppingCartPageTest" name="daddProductToCartTest" time="0.144"/>
  <testcase classname="com.jostens.qa.testcases.CheckoutPageTest" name="eproceedWithCheckoutTest" time="9.821"/>
  <testcase classname="com.jostens.qa.testcases.CheckoutPageTest" name="eproceedWithCheckoutTest" time="10.951"/>
  <testcase classname="com.jostens.qa.testcases.CheckoutPageTest" name="eproceedWithCheckoutTest" time="7.539"/>
  <testcase classname="com.jostens.qa.testcases.CheckoutPageTest" name="ftest2" time="0.233"/>
  <testcase classname="com.jostens.qa.testcases.CheckoutPageTest" name="ftest2" time="0.182"/>
  <testcase classname="com.jostens.qa.testcases.CheckoutPageTest" name="ftest2" time="0.175"/>
  <testcase classname="com.jostens.qa.testcases.PaymentPageTest" name="gtest" time="15.822"/>
  <testcase classname="com.jostens.qa.base.TestBase" name="@AfterSuite afterSuite" time="0.0">
    <ignored/>
  </testcase> <!-- @AfterSuite afterSuite -->
  <testcase classname="com.jostens.qa.base.TestBase" name="@AfterSuite afterSuite" time="0.0">
    <ignored/>
  </testcase> <!-- @AfterSuite afterSuite -->
  <testcase classname="com.jostens.qa.base.TestBase" name="@AfterSuite afterSuite" time="0.0">
    <ignored/>
  </testcase> <!-- @AfterSuite afterSuite -->
  <testcase classname="com.jostens.qa.base.TestBase" name="@AfterSuite afterSuite" time="0.0">
    <ignored/>
  </testcase> <!-- @AfterSuite afterSuite -->
  <testcase classname="com.jostens.qa.base.TestBase" name="@AfterSuite afterSuite" time="0.0">
    <ignored/>
  </testcase> <!-- @AfterSuite afterSuite -->
  <testcase classname="com.jostens.qa.base.TestBase" name="@BeforeTest beforeSuite" time="0.0">
    <ignored/>
  </testcase> <!-- @BeforeTest beforeSuite -->
  <testcase classname="com.jostens.qa.base.TestBase" name="@BeforeTest beforeSuite" time="0.0">
    <ignored/>
  </testcase> <!-- @BeforeTest beforeSuite -->
  <testcase classname="com.jostens.qa.base.TestBase" name="@BeforeTest beforeSuite" time="0.0">
    <ignored/>
  </testcase> <!-- @BeforeTest beforeSuite -->
  <testcase classname="com.jostens.qa.base.TestBase" name="@BeforeTest beforeSuite" time="0.0">
    <ignored/>
  </testcase> <!-- @BeforeTest beforeSuite -->
  <testcase classname="com.jostens.qa.base.TestBase" name="@BeforeTest beforeSuite" time="0.0">
    <ignored/>
  </testcase> <!-- @BeforeTest beforeSuite -->
</testsuite> <!-- Regression Chrome -->
